\BOOKMARK [0][-]{chapter.0}{\376\377\000S\000y\000l\000l\000a\000b\000u\000s}{}% 1
\BOOKMARK [1][-]{section.0.1}{\376\377\000I\000m\000p\000o\000r\000t\000a\000n\000t\000\040\000I\000n\000f\000o}{chapter.0}% 2
\BOOKMARK [2][-]{subsection.0.1.1}{\376\377\000C\000o\000n\000t\000a\000c\000t\000s\000\040\000+\000\040\000S\000e\000c\000t\000i\000o\000n\000s}{section.0.1}% 3
\BOOKMARK [2][-]{subsection.0.1.2}{\376\377\000M\000a\000t\000e\000r\000i\000a\000l\000s}{section.0.1}% 4
\BOOKMARK [2][-]{subsection.0.1.3}{\376\377\000A\000s\000s\000i\000g\000n\000m\000e\000n\000t\000s}{section.0.1}% 5
\BOOKMARK [0][-]{chapter.17}{\376\377\000T\000e\000m\000p\000e\000r\000a\000t\000u\000r\000e\000,\000\040\000T\000h\000e\000r\000m\000a\000l\000\040\000E\000x\000p\000a\000n\000s\000i\000o\000n\000,\000\040\000a\000n\000d\000\040\000t\000h\000e\000\040\000I\000d\000e\000a\000l\000\040\000G\000a\000s\000\040\000L\000a\000w}{}% 6
\BOOKMARK [1][-]{section.17.1}{\376\377\000A\000t\000o\000m\000i\000c\000\040\000T\000h\000e\000o\000r\000y\000\040\000o\000f\000\040\000M\000a\000t\000t\000e\000r}{chapter.17}% 7
\BOOKMARK [0][-]{chapter.18}{\376\377\000K\000i\000n\000e\000t\000i\000c\000\040\000T\000h\000e\000o\000r\000y\000\040\000o\000f\000\040\000G\000a\000s\000e\000s}{}% 8
\BOOKMARK [1][-]{section.18.1}{\376\377\000T\000h\000e\000\040\000I\000d\000e\000a\000l\000\040\000G\000a\000s\000\040\000L\000a\000w\000\040\000a\000n\000d\000\040\000t\000h\000e\000\040\000M\000o\000l\000e\000c\000u\000l\000a\000r\000\040\000I\000n\000t\000e\000r\000p\000r\000e\000a\000t\000i\000o\000n\000\040\000o\000f\000\040\000T\000e\000m\000p\000e\000r\000a\000t\000u\000r\000e}{chapter.18}% 9
\BOOKMARK [1][-]{section.18.2}{\376\377\000D\000i\000s\000t\000r\000i\000b\000u\000t\000i\000o\000n\000\040\000o\000f\000\040\000M\000o\000l\000e\000c\000u\000l\000a\000r\000\040\000S\000p\000e\000e\000d\000s}{chapter.18}% 10
\BOOKMARK [1][-]{section.18.3}{\376\377\000R\000e\000a\000l\000\040\000G\000a\000s\000e\000s\000\040\000a\000n\000d\000\040\000C\000h\000a\000n\000g\000e\000s\000\040\000o\000f\000\040\000P\000h\000a\000s\000e}{chapter.18}% 11
\BOOKMARK [1][-]{section.18.4}{\376\377\000V\000a\000p\000o\000r\000\040\000P\000r\000e\000s\000s\000u\000r\000e\000\040\000a\000n\000d\000\040\000H\000u\000m\000i\000d\000i\000t\000y}{chapter.18}% 12
\BOOKMARK [1][-]{section.18.5}{\376\377\000P\000a\000r\000t\000i\000a\000l\000\040\000P\000r\000e\000s\000s\000u\000r\000e\000\040\000a\000n\000d\000\040\000H\000u\000m\000i\000d\000i\000t\000y}{chapter.18}% 13
\BOOKMARK [1][-]{section.18.6}{\376\377\000v\000a\000n\000\040\000d\000e\000r\000\040\000W\000a\000a\000l\000s\000\040\000E\000q\000u\000a\000t\000i\000o\000n\000\040\000o\000f\000\040\000S\000t\000a\000t\000e}{chapter.18}% 14
\BOOKMARK [1][-]{section.18.7}{\376\377\000M\000e\000a\000n\000\040\000F\000r\000e\000e\000\040\000P\000a\000t\000h}{chapter.18}% 15
\BOOKMARK [1][-]{section.18.8}{\376\377\000D\000i\000f\000f\000u\000s\000i\000o\000n}{chapter.18}% 16
\BOOKMARK [0][-]{chapter.19}{\376\377\000H\000e\000a\000t\000\040\000a\000n\000d\000\040\000t\000h\000e\000\040\000F\000i\000r\000s\000t\000\040\000L\000a\000w\000\040\000o\000f\000\040\000T\000h\000e\000r\000m\000o\000d\000y\000n\000a\000m\000i\000c\000s}{}% 17
\BOOKMARK [1][-]{section.19.1}{\376\377\000H\000e\000a\000t\000\040\000a\000s\000\040\000E\000n\000e\000r\000g\000y\000\040\000T\000r\000a\000n\000s\000f\000e\000r}{chapter.19}% 18
\BOOKMARK [1][-]{section.19.2}{\376\377\000S\000p\000e\000c\000i\000f\000i\000c\000\040\000H\000e\000a\000t}{chapter.19}% 19
\BOOKMARK [1][-]{section.19.3}{\376\377\000L\000a\000t\000e\000n\000t\000\040\000H\000e\000a\000t}{chapter.19}% 20
\BOOKMARK [1][-]{section.19.4}{\376\377\000T\000h\000e\000\040\000F\000i\000r\000s\000t\000\040\000L\000a\000w\000\040\000o\000f\000\040\000T\000h\000e\000r\000m\000o\000d\000y\000n\000a\000m\000i\000c\000s}{chapter.19}% 21
\BOOKMARK [1][-]{section.19.5}{\376\377\000M\000o\000l\000a\000r\000\040\000S\000p\000e\000c\000i\000f\000i\000c\000\040\000H\000e\000a\000t\000s\000\040\000f\000o\000r\000\040\000G\000a\000s\000e\000s}{chapter.19}% 22
\BOOKMARK [1][-]{section.19.6}{\376\377\000A\000d\000i\000a\000b\000a\000t\000i\000c\000\040\000E\000x\000p\000a\000n\000s\000i\000o\000n\000\040\000o\000f\000\040\000a\000\040\000G\000a\000s}{chapter.19}% 23
\BOOKMARK [1][-]{section.19.7}{\376\377\000H\000e\000a\000t\000\040\000T\000r\000a\000n\000s\000f\000e\000r}{chapter.19}% 24
\BOOKMARK [0][-]{chapter.20}{\376\377\000S\000e\000c\000o\000n\000d\000\040\000L\000a\000w\000\040\000o\000f\000\040\000T\000h\000e\000r\000m\000o\000d\000y\000n\000a\000m\000i\000c\000s}{}% 25
\BOOKMARK [1][-]{section.20.1}{\376\377\000I\000n\000t\000r\000o\000d\000u\000c\000t\000i\000o\000n}{chapter.20}% 26
\BOOKMARK [1][-]{section.20.2}{\376\377\000H\000e\000a\000t\000\040\000E\000n\000g\000i\000n\000e\000s}{chapter.20}% 27
\BOOKMARK [1][-]{section.20.3}{\376\377\000R\000e\000f\000r\000i\000g\000e\000r\000a\000t\000o\000r\000s\000,\000\040\000A\000i\000r\000\040\000C\000o\000n\000d\000i\000t\000i\000o\000n\000e\000r\000s\000,\000\040\000a\000n\000d\000\040\000H\000e\000a\000t\000\040\000P\000u\000m\000p\000s}{chapter.20}% 28
\BOOKMARK [1][-]{section.20.4}{\376\377\000E\000n\000t\000r\000o\000p\000y\000\040\000a\000n\000d\000\040\000t\000h\000e\000\040\000S\000e\000c\000o\000n\000d\000\040\000L\000a\000w\000\040\000o\000f\000\040\000T\000h\000e\000r\000m\000o\000d\000y\000n\000a\000m\000i\000c\000s}{chapter.20}% 29
\BOOKMARK [1][-]{section.20.5}{\376\377\000O\000r\000d\000e\000r\000\040\000t\000o\000\040\000D\000i\000s\000o\000r\000d\000e\000r}{chapter.20}% 30
\BOOKMARK [1][-]{section.20.6}{\376\377\000U\000n\000a\000v\000a\000i\000l\000a\000b\000i\000l\000i\000t\000y\000\040\000o\000f\000\040\000E\000n\000e\000r\000g\000y\000;\000\040\000H\000e\000a\000t\000\040\000D\000e\000a\000t\000h}{chapter.20}% 31
\BOOKMARK [1][-]{section.20.7}{\376\377\000S\000t\000a\000t\000i\000s\000t\000i\000c\000a\000l\000\040\000I\000n\000t\000e\000r\000p\000r\000e\000t\000a\000t\000i\000o\000n\000\040\000o\000f\000\040\000E\000n\000t\000r\000o\000p\000y}{chapter.20}% 32
\BOOKMARK [0][-]{chapter.21}{\376\377\000E\000l\000e\000c\000t\000r\000i\000c\000\040\000C\000h\000a\000r\000g\000e\000\040\000a\000n\000d\000\040\000E\000l\000e\000c\000t\000r\000i\000c\000\040\000F\000i\000e\000l\000d}{}% 33
\BOOKMARK [1][-]{section.21.1}{\376\377\000S\000t\000a\000t\000i\000c\000\040\000E\000l\000e\000c\000t\000r\000i\000c\000i\000t\000y\000,\000\040\000E\000l\000e\000c\000t\000r\000i\000c\000\040\000C\000h\000a\000r\000g\000e\000\040\000a\000n\000d\000\040\000C\000o\000n\000s\000e\000r\000v\000a\000t\000i\000o\000n}{chapter.21}% 34
\BOOKMARK [1][-]{section.21.2}{\376\377\000I\000n\000d\000u\000c\000e\000d\000\040\000C\000h\000a\000r\000g\000e}{chapter.21}% 35
\BOOKMARK [1][-]{section.21.3}{\376\377\000C\000o\000u\000l\000o\000m\000b\000'\000s\000\040\000L\000a\000w}{chapter.21}% 36
\BOOKMARK [1][-]{section.21.4}{\376\377\000E\000l\000e\000c\000t\000r\000i\000c\000\040\000F\000i\000e\000l\000d}{chapter.21}% 37
\BOOKMARK [1][-]{section.21.5}{\376\377\000F\000i\000e\000l\000d\000\040\000L\000i\000n\000e\000s}{chapter.21}% 38
\BOOKMARK [1][-]{section.21.6}{\376\377\000E\000l\000e\000c\000t\000r\000i\000c\000\040\000F\000i\000e\000l\000d\000s\000\040\000a\000n\000d\000\040\000C\000o\000n\000d\000u\000c\000t\000o\000r\000s}{chapter.21}% 39
\BOOKMARK [1][-]{section.21.7}{\376\377\000E\000l\000e\000c\000t\000r\000i\000c\000\040\000D\000i\000p\000o\000l\000e\000s}{chapter.21}% 40
\BOOKMARK [0][-]{chapter.22}{\376\377\000G\000a\000u\000s\000s\000'\000s\000\040\000L\000a\000w}{}% 41
\BOOKMARK [1][-]{section.22.1}{\376\377\000E\000l\000e\000c\000t\000r\000i\000c\000\040\000F\000l\000u\000x}{chapter.22}% 42
\BOOKMARK [0][-]{chapter.23}{\376\377\000E\000l\000e\000c\000t\000r\000i\000c\000\040\000P\000o\000t\000e\000n\000t\000i\000a\000l}{}% 43
\BOOKMARK [1][-]{section.23.1}{\376\377\000E\000l\000e\000c\000t\000r\000i\000c\000\040\000P\000o\000t\000e\000n\000t\000i\000a\000l\000\040\000E\000n\000e\000r\000g\000y}{chapter.23}% 44
\BOOKMARK [1][-]{section.23.2}{\376\377\000E\000l\000e\000c\000t\000r\000i\000c\000\040\000P\000o\000t\000e\000n\000t\000i\000a\000l\000\040\000a\000n\000d\000\040\000E\000l\000e\000c\000t\000r\000i\000c\000\040\000F\000i\000e\000l\000d}{chapter.23}% 45
\BOOKMARK [1][-]{section.23.3}{\376\377\000E\000q\000u\000i\000p\000o\000t\000e\000n\000t\000i\000a\000l\000\040\000L\000i\000n\000e\000s\000\040\000a\000n\000d\000\040\000S\000u\000r\000f\000a\000c\000e\000s}{chapter.23}% 46
\BOOKMARK [0][-]{chapter.24}{\376\377\000C\000a\000p\000a\000c\000i\000t\000a\000n\000c\000e\000,\000\040\000D\000i\000e\000l\000e\000c\000t\000r\000i\000c\000s\000,\000\040\000E\000l\000e\000c\000t\000r\000i\000c\000\040\000E\000n\000e\000r\000g\000y\000\040\000S\000t\000o\000r\000a\000g\000e}{}% 47
\BOOKMARK [1][-]{section.24.1}{\376\377\000C\000a\000p\000a\000c\000i\000t\000o\000r\000s}{chapter.24}% 48
\BOOKMARK [1][-]{section.24.2}{\376\377\000C\000a\000p\000a\000c\000i\000t\000o\000r\000s\000\040\000i\000n\000\040\000S\000e\000r\000i\000e\000s\000\040\000a\000n\000d\000\040\000P\000a\000r\000a\000l\000l\000e\000l}{chapter.24}% 49
\BOOKMARK [1][-]{section.24.3}{\376\377\000S\000t\000o\000r\000a\000g\000e\000\040\000o\000f\000\040\000E\000l\000e\000c\000t\000r\000i\000c\000\040\000E\000n\000e\000r\000g\000y}{chapter.24}% 50
\BOOKMARK [0][-]{chapter.25}{\376\377\000E\000l\000e\000c\000t\000r\000i\000c\000\040\000C\000u\000r\000r\000e\000n\000t\000\040\000a\000n\000d\000\040\000R\000e\000s\000i\000s\000t\000a\000n\000c\000e}{}% 51
\BOOKMARK [1][-]{section.25.1}{\376\377\000E\000l\000e\000c\000t\000r\000i\000c\000\040\000C\000e\000l\000l\000s\000\040\000a\000n\000d\000\040\000B\000a\000t\000t\000e\000r\000i\000e\000s}{chapter.25}% 52
\BOOKMARK [1][-]{section.25.2}{\376\377\000E\000l\000e\000c\000t\000r\000i\000c\000\040\000C\000u\000r\000r\000e\000n\000t}{chapter.25}% 53
\BOOKMARK [1][-]{section.25.3}{\376\377\000O\000h\000m\000'\000s\000\040\000L\000a\000w}{chapter.25}% 54
\BOOKMARK [1][-]{section.25.4}{\376\377\000E\000l\000e\000c\000t\000r\000i\000c\000\040\000P\000o\000w\000e\000r}{chapter.25}% 55
\BOOKMARK [1][-]{section.25.5}{\376\377\000A\000l\000t\000e\000r\000n\000a\000t\000i\000n\000g\000\040\000C\000u\000r\000r\000e\000n\000t}{chapter.25}% 56
\BOOKMARK [1][-]{section.25.6}{\376\377\000M\000i\000c\000r\000o\000s\000c\000o\000p\000i\000c\000\040\000V\000i\000e\000w\000\040\000o\000f\000\040\000E\000l\000e\000c\000t\000r\000i\000c\000\040\000C\000u\000r\000r\000e\000n\000t}{chapter.25}% 57
\BOOKMARK [1][-]{section.25.7}{\376\377\000S\000u\000p\000e\000r\000c\000o\000n\000d\000u\000c\000t\000i\000v\000i\000t\000y}{chapter.25}% 58
